2021-04-24 09:25:32.985  INFO 7100 --- [restartedMain] com.ds.SpringbootApplication             : Starting SpringbootApplication using Java 1.8.0_131 on WIN-CRE4QU5AL1G with PID 7100 (D:\JAVA\IDEA\IdeaProjects\springboot\target\classes started by Administrator in D:\JAVA\IDEA\IdeaProjects\springboot)
2021-04-24 09:25:32.987  INFO 7100 --- [restartedMain] com.ds.SpringbootApplication             : No active profile set, falling back to default profiles: default
2021-04-24 09:25:33.030  INFO 7100 --- [restartedMain] .e.DevToolsPropertyDefaultsPostProcessor : Devtools property defaults active! Set 'spring.devtools.add-properties' to 'false' to disable
2021-04-24 09:25:33.031  INFO 7100 --- [restartedMain] .e.DevToolsPropertyDefaultsPostProcessor : For additional web related logging consider setting the 'logging.level.web' property to 'DEBUG'
2021-04-24 09:25:33.747  INFO 7100 --- [restartedMain] o.s.b.w.embedded.tomcat.TomcatWebServer  : Tomcat initialized with port(s): 8080 (http)
2021-04-24 09:25:33.754  INFO 7100 --- [restartedMain] o.apache.catalina.core.StandardService   : Starting service [Tomcat]
2021-04-24 09:25:33.754  INFO 7100 --- [restartedMain] org.apache.catalina.core.StandardEngine  : Starting Servlet engine: [Apache Tomcat/9.0.45]
2021-04-24 09:25:33.813  INFO 7100 --- [restartedMain] o.a.c.c.C.[Tomcat].[localhost].[/]       : Initializing Spring embedded WebApplicationContext
2021-04-24 09:25:33.813  INFO 7100 --- [restartedMain] w.s.c.ServletWebServerApplicationContext : Root WebApplicationContext: initialization completed in 766 ms
2021-04-24 09:25:33.958  INFO 7100 --- [restartedMain] o.s.s.concurrent.ThreadPoolTaskExecutor  : Initializing ExecutorService 'applicationTaskExecutor'
2021-04-24 09:25:33.965 DEBUG 7100 --- [restartedMain] s.w.s.m.m.a.RequestMappingHandlerAdapter : ControllerAdvice beans: 0 @ModelAttribute, 0 @InitBinder, 1 RequestBodyAdvice, 1 ResponseBodyAdvice
2021-04-24 09:25:34.012 DEBUG 7100 --- [restartedMain] s.w.s.m.m.a.RequestMappingHandlerMapping : 2 mappings in 'requestMappingHandlerMapping'
2021-04-24 09:25:34.013  INFO 7100 --- [restartedMain] o.s.b.a.w.s.WelcomePageHandlerMapping    : Adding welcome page: class path resource [static/index.html]
2021-04-24 09:25:34.022 DEBUG 7100 --- [restartedMain] o.s.w.s.handler.SimpleUrlHandlerMapping  : Patterns [/, /index.html] in 'viewControllerHandlerMapping'
2021-04-24 09:25:34.032 DEBUG 7100 --- [restartedMain] o.s.w.s.handler.SimpleUrlHandlerMapping  : Patterns [/images/**, /js/**, /css/**, /webjars/**, /**] in 'resourceHandlerMapping'
2021-04-24 09:25:34.038 DEBUG 7100 --- [restartedMain] .m.m.a.ExceptionHandlerExceptionResolver : ControllerAdvice beans: 0 @ExceptionHandler, 1 ResponseBodyAdvice
2021-04-24 09:25:34.089  INFO 7100 --- [restartedMain] o.s.b.d.a.OptionalLiveReloadServer       : LiveReload server is running on port 35729
2021-04-24 09:25:34.114  INFO 7100 --- [restartedMain] o.s.b.w.embedded.tomcat.TomcatWebServer  : Tomcat started on port(s): 8080 (http) with context path ''
2021-04-24 09:25:34.123  INFO 7100 --- [restartedMain] com.ds.SpringbootApplication             : Started SpringbootApplication in 1.634 seconds (JVM running for 2.44)
2021-04-24 09:29:57.534  INFO 10336 --- [restartedMain] com.ds.SpringbootApplication             : Starting SpringbootApplication using Java 1.8.0_131 on WIN-CRE4QU5AL1G with PID 10336 (D:\JAVA\IDEA\IdeaProjects\springboot\target\classes started by Administrator in D:\JAVA\IDEA\IdeaProjects\springboot)
2021-04-24 09:29:57.536 DEBUG 10336 --- [restartedMain] com.ds.SpringbootApplication             : Running with Spring Boot v2.4.5, Spring v5.3.6
2021-04-24 09:29:57.537  INFO 10336 --- [restartedMain] com.ds.SpringbootApplication             : No active profile set, falling back to default profiles: default
2021-04-24 09:29:57.606  INFO 10336 --- [restartedMain] .e.DevToolsPropertyDefaultsPostProcessor : Devtools property defaults active! Set 'spring.devtools.add-properties' to 'false' to disable
2021-04-24 09:29:57.606  INFO 10336 --- [restartedMain] .e.DevToolsPropertyDefaultsPostProcessor : For additional web related logging consider setting the 'logging.level.web' property to 'DEBUG'
2021-04-24 09:29:58.343  INFO 10336 --- [restartedMain] o.s.b.w.embedded.tomcat.TomcatWebServer  : Tomcat initialized with port(s): 8080 (http)
2021-04-24 09:29:58.351  INFO 10336 --- [restartedMain] o.apache.catalina.core.StandardService   : Starting service [Tomcat]
2021-04-24 09:29:58.351  INFO 10336 --- [restartedMain] org.apache.catalina.core.StandardEngine  : Starting Servlet engine: [Apache Tomcat/9.0.45]
2021-04-24 09:29:58.401  INFO 10336 --- [restartedMain] o.a.c.c.C.[Tomcat].[localhost].[/]       : Initializing Spring embedded WebApplicationContext
2021-04-24 09:29:58.402  INFO 10336 --- [restartedMain] w.s.c.ServletWebServerApplicationContext : Root WebApplicationContext: initialization completed in 795 ms
2021-04-24 09:29:58.548  INFO 10336 --- [restartedMain] o.s.s.concurrent.ThreadPoolTaskExecutor  : Initializing ExecutorService 'applicationTaskExecutor'
2021-04-24 09:29:58.556 DEBUG 10336 --- [restartedMain] s.w.s.m.m.a.RequestMappingHandlerAdapter : ControllerAdvice beans: 0 @ModelAttribute, 0 @InitBinder, 1 RequestBodyAdvice, 1 ResponseBodyAdvice
2021-04-24 09:29:58.606 DEBUG 10336 --- [restartedMain] s.w.s.m.m.a.RequestMappingHandlerMapping : 2 mappings in 'requestMappingHandlerMapping'
2021-04-24 09:29:58.608  INFO 10336 --- [restartedMain] o.s.b.a.w.s.WelcomePageHandlerMapping    : Adding welcome page: class path resource [static/index.html]
2021-04-24 09:29:58.627 DEBUG 10336 --- [restartedMain] o.s.w.s.handler.SimpleUrlHandlerMapping  : Patterns [/, /index.html] in 'viewControllerHandlerMapping'
2021-04-24 09:29:58.637 DEBUG 10336 --- [restartedMain] o.s.w.s.handler.SimpleUrlHandlerMapping  : Patterns [/images/**, /js/**, /css/**, /webjars/**, /**] in 'resourceHandlerMapping'
2021-04-24 09:29:58.643 DEBUG 10336 --- [restartedMain] .m.m.a.ExceptionHandlerExceptionResolver : ControllerAdvice beans: 0 @ExceptionHandler, 1 ResponseBodyAdvice
2021-04-24 09:29:58.691  INFO 10336 --- [restartedMain] o.s.b.d.a.OptionalLiveReloadServer       : LiveReload server is running on port 35729
2021-04-24 09:29:58.715  INFO 10336 --- [restartedMain] o.s.b.w.embedded.tomcat.TomcatWebServer  : Tomcat started on port(s): 8080 (http) with context path ''
2021-04-24 09:29:58.725  INFO 10336 --- [restartedMain] com.ds.SpringbootApplication             : Started SpringbootApplication in 1.658 seconds (JVM running for 2.404)
2021-04-24 09:30:55.427  INFO 12160 --- [restartedMain] .e.DevToolsPropertyDefaultsPostProcessor : Devtools property defaults active! Set 'spring.devtools.add-properties' to 'false' to disable
2021-04-24 09:30:55.429  INFO 12160 --- [restartedMain] .e.DevToolsPropertyDefaultsPostProcessor : For additional web related logging consider setting the 'logging.level.web' property to 'DEBUG'
2021-04-24 09:30:56.127  INFO 12160 --- [restartedMain] o.s.b.w.embedded.tomcat.TomcatWebServer  : Tomcat initialized with port(s): 8080 (http)
2021-04-24 09:30:56.135  INFO 12160 --- [restartedMain] o.apache.catalina.core.StandardService   : Starting service [Tomcat]
2021-04-24 09:30:56.135  INFO 12160 --- [restartedMain] org.apache.catalina.core.StandardEngine  : Starting Servlet engine: [Apache Tomcat/9.0.45]
2021-04-24 09:30:56.188  INFO 12160 --- [restartedMain] o.a.c.c.C.[Tomcat].[localhost].[/]       : Initializing Spring embedded WebApplicationContext
2021-04-24 09:30:56.188  INFO 12160 --- [restartedMain] w.s.c.ServletWebServerApplicationContext : Root WebApplicationContext: initialization completed in 757 ms
2021-04-24 09:30:56.340  INFO 12160 --- [restartedMain] o.s.s.concurrent.ThreadPoolTaskExecutor  : Initializing ExecutorService 'applicationTaskExecutor'
2021-04-24 09:30:56.401  INFO 12160 --- [restartedMain] o.s.b.a.w.s.WelcomePageHandlerMapping    : Adding welcome page: class path resource [static/index.html]
2021-04-24 09:30:56.479  INFO 12160 --- [restartedMain] o.s.b.d.a.OptionalLiveReloadServer       : LiveReload server is running on port 35729
2021-04-24 09:30:56.505  INFO 12160 --- [restartedMain] o.s.b.w.embedded.tomcat.TomcatWebServer  : Tomcat started on port(s): 8080 (http) with context path ''
2021-04-24 10:15:52.980  INFO 6368 --- [main] o.s.s.concurrent.ThreadPoolTaskExecutor  : Initializing ExecutorService 'applicationTaskExecutor'
2021-04-24 10:15:53.129  INFO 6368 --- [main] o.s.b.a.w.s.WelcomePageHandlerMapping    : Adding welcome page: class path resource [static/index.html]
2021-04-24 10:15:54.397  INFO 6368 --- [SpringContextShutdownHook] o.s.s.concurrent.ThreadPoolTaskExecutor  : Shutting down ExecutorService 'applicationTaskExecutor'
2021-04-24 10:16:51.265  INFO 11872 --- [main] o.s.s.concurrent.ThreadPoolTaskExecutor  : Initializing ExecutorService 'applicationTaskExecutor'
2021-04-24 10:16:51.393  INFO 11872 --- [main] o.s.b.a.w.s.WelcomePageHandlerMapping    : Adding welcome page: class path resource [static/index.html]
2021-04-24 10:16:52.138  INFO 11872 --- [SpringContextShutdownHook] o.s.s.concurrent.ThreadPoolTaskExecutor  : Shutting down ExecutorService 'applicationTaskExecutor'
2021-04-24 10:19:11.296  INFO 2512 --- [restartedMain] .e.DevToolsPropertyDefaultsPostProcessor : Devtools property defaults active! Set 'spring.devtools.add-properties' to 'false' to disable
2021-04-24 10:19:11.298  INFO 2512 --- [restartedMain] .e.DevToolsPropertyDefaultsPostProcessor : For additional web related logging consider setting the 'logging.level.web' property to 'DEBUG'
2021-04-24 10:19:12.285  INFO 2512 --- [restartedMain] o.s.b.w.embedded.tomcat.TomcatWebServer  : Tomcat initialized with port(s): 8080 (http)
2021-04-24 10:19:12.296  INFO 2512 --- [restartedMain] o.apache.catalina.core.StandardService   : Starting service [Tomcat]
2021-04-24 10:19:12.296  INFO 2512 --- [restartedMain] org.apache.catalina.core.StandardEngine  : Starting Servlet engine: [Apache Tomcat/9.0.45]
2021-04-24 10:19:12.361  INFO 2512 --- [restartedMain] o.a.c.c.C.[Tomcat].[localhost].[/]       : Initializing Spring embedded WebApplicationContext
2021-04-24 10:19:12.361  INFO 2512 --- [restartedMain] w.s.c.ServletWebServerApplicationContext : Root WebApplicationContext: initialization completed in 1062 ms
2021-04-24 10:19:12.577  INFO 2512 --- [restartedMain] o.s.s.concurrent.ThreadPoolTaskExecutor  : Initializing ExecutorService 'applicationTaskExecutor'
2021-04-24 10:19:12.651  INFO 2512 --- [restartedMain] o.s.b.a.w.s.WelcomePageHandlerMapping    : Adding welcome page: class path resource [static/index.html]
2021-04-24 10:19:12.827  INFO 2512 --- [restartedMain] o.s.b.d.a.OptionalLiveReloadServer       : LiveReload server is running on port 35729
2021-04-24 10:19:12.858  INFO 2512 --- [restartedMain] o.s.b.w.embedded.tomcat.TomcatWebServer  : Tomcat started on port(s): 8080 (http) with context path ''
2021-04-24 10:19:44.442  INFO 2512 --- [http-nio-8080-exec-1] o.a.c.c.C.[Tomcat].[localhost].[/]       : Initializing Spring DispatcherServlet 'dispatcherServlet'
2021-04-24 10:19:44.442  INFO 2512 --- [http-nio-8080-exec-1] o.s.web.servlet.DispatcherServlet        : Initializing Servlet 'dispatcherServlet'
2021-04-24 10:19:44.443  INFO 2512 --- [http-nio-8080-exec-1] o.s.web.servlet.DispatcherServlet        : Completed initialization in 1 ms
2021-04-24 10:43:59.529  WARN 11640 --- [main] o.m.s.mapper.ClassPathMapperScanner      : No MyBatis mapper was found in '[com.ds]' package. Please check your configuration.
2021-04-24 10:44:00.229  INFO 11640 --- [main] o.s.s.concurrent.ThreadPoolTaskExecutor  : Initializing ExecutorService 'applicationTaskExecutor'
2021-04-24 10:44:00.374  INFO 11640 --- [main] o.s.b.a.w.s.WelcomePageHandlerMapping    : Adding welcome page: class path resource [static/index.html]
2021-04-24 10:44:00.704  INFO 11640 --- [main] c.a.d.s.b.a.DruidDataSourceAutoConfigure : Init DruidDataSource
2021-04-24 10:44:00.938  INFO 11640 --- [main] com.alibaba.druid.pool.DruidDataSource   : {dataSource-1} inited
2021-04-24 10:44:01.399  INFO 11640 --- [SpringContextShutdownHook] com.alibaba.druid.pool.DruidDataSource   : {dataSource-1} closed
2021-04-24 10:44:01.400  INFO 11640 --- [SpringContextShutdownHook] o.s.s.concurrent.ThreadPoolTaskExecutor  : Shutting down ExecutorService 'applicationTaskExecutor'
2021-04-24 11:19:55.915  INFO 3384 --- [restartedMain] .e.DevToolsPropertyDefaultsPostProcessor : Devtools property defaults active! Set 'spring.devtools.add-properties' to 'false' to disable
2021-04-24 11:19:55.926  INFO 3384 --- [restartedMain] .e.DevToolsPropertyDefaultsPostProcessor : For additional web related logging consider setting the 'logging.level.web' property to 'DEBUG'
2021-04-24 11:19:56.382  WARN 3384 --- [restartedMain] o.m.s.mapper.ClassPathMapperScanner      : No MyBatis mapper was found in '[com.ds]' package. Please check your configuration.
2021-04-24 11:19:56.779  INFO 3384 --- [restartedMain] o.s.b.w.embedded.tomcat.TomcatWebServer  : Tomcat initialized with port(s): 8080 (http)
2021-04-24 11:19:56.786  INFO 3384 --- [restartedMain] o.apache.catalina.core.StandardService   : Starting service [Tomcat]
2021-04-24 11:19:56.786  INFO 3384 --- [restartedMain] org.apache.catalina.core.StandardEngine  : Starting Servlet engine: [Apache Tomcat/9.0.45]
2021-04-24 11:19:56.838  INFO 3384 --- [restartedMain] o.a.c.c.C.[Tomcat].[localhost].[/]       : Initializing Spring embedded WebApplicationContext
2021-04-24 11:19:56.838  INFO 3384 --- [restartedMain] w.s.c.ServletWebServerApplicationContext : Root WebApplicationContext: initialization completed in 911 ms
2021-04-24 11:19:57.015  INFO 3384 --- [restartedMain] o.s.s.concurrent.ThreadPoolTaskExecutor  : Initializing ExecutorService 'applicationTaskExecutor'
2021-04-24 11:19:57.081  INFO 3384 --- [restartedMain] o.s.b.a.w.s.WelcomePageHandlerMapping    : Adding welcome page: class path resource [static/index.html]
2021-04-24 11:19:57.168  INFO 3384 --- [restartedMain] c.a.d.s.b.a.DruidDataSourceAutoConfigure : Init DruidDataSource
2021-04-24 11:19:57.231  WARN 3384 --- [restartedMain] ConfigServletWebServerApplicationContext : Exception encountered during context initialization - cancelling refresh attempt: org.springframework.boot.context.properties.ConfigurationPropertiesBindException: Error creating bean with name 'dataSource': Could not bind properties to 'DataSource' : prefix=spring.datasource.druid, ignoreInvalidFields=false, ignoreUnknownFields=true; nested exception is org.springframework.boot.context.properties.bind.BindException: Failed to bind properties under 'spring.datasource.druid' to javax.sql.DataSource
2021-04-24 11:19:57.232  INFO 3384 --- [restartedMain] o.s.s.concurrent.ThreadPoolTaskExecutor  : Shutting down ExecutorService 'applicationTaskExecutor'
2021-04-24 11:19:57.234  INFO 3384 --- [restartedMain] o.apache.catalina.core.StandardService   : Stopping service [Tomcat]
2021-04-24 11:19:57.249  INFO 3384 --- [restartedMain] ConditionEvaluationReportLoggingListener : 

Error starting ApplicationContext. To display the conditions report re-run your application with 'debug' enabled.
2021-04-24 11:19:57.261 ERROR 3384 --- [restartedMain] o.s.b.d.LoggingFailureAnalysisReporter   : 

***************************
APPLICATION FAILED TO START
***************************

Description:

Failed to bind properties under 'spring.datasource.druid' to javax.sql.DataSource:

    Property: spring.datasource.druid.filters
    Value: stat,wall,log4j
    Origin: class path resource [application.yml] - 33:16
    Reason: org.apache.log4j.Logger

Action:

Update your application's configuration

2021-04-24 11:22:58.544  INFO 6508 --- [restartedMain] .e.DevToolsPropertyDefaultsPostProcessor : Devtools property defaults active! Set 'spring.devtools.add-properties' to 'false' to disable
2021-04-24 11:22:58.546  INFO 6508 --- [restartedMain] .e.DevToolsPropertyDefaultsPostProcessor : For additional web related logging consider setting the 'logging.level.web' property to 'DEBUG'
2021-04-24 11:22:59.011  WARN 6508 --- [restartedMain] o.m.s.mapper.ClassPathMapperScanner      : No MyBatis mapper was found in '[com.ds]' package. Please check your configuration.
2021-04-24 11:22:59.399  INFO 6508 --- [restartedMain] o.s.b.w.embedded.tomcat.TomcatWebServer  : Tomcat initialized with port(s): 8080 (http)
2021-04-24 11:22:59.406  INFO 6508 --- [restartedMain] o.apache.catalina.core.StandardService   : Starting service [Tomcat]
2021-04-24 11:22:59.406  INFO 6508 --- [restartedMain] org.apache.catalina.core.StandardEngine  : Starting Servlet engine: [Apache Tomcat/9.0.45]
2021-04-24 11:22:59.460  INFO 6508 --- [restartedMain] o.a.c.c.C.[Tomcat].[localhost].[/]       : Initializing Spring embedded WebApplicationContext
2021-04-24 11:22:59.460  INFO 6508 --- [restartedMain] w.s.c.ServletWebServerApplicationContext : Root WebApplicationContext: initialization completed in 913 ms
2021-04-24 11:22:59.638  INFO 6508 --- [restartedMain] o.s.s.concurrent.ThreadPoolTaskExecutor  : Initializing ExecutorService 'applicationTaskExecutor'
2021-04-24 11:22:59.696  INFO 6508 --- [restartedMain] o.s.b.a.w.s.WelcomePageHandlerMapping    : Adding welcome page: class path resource [static/index.html]
2021-04-24 11:22:59.784  INFO 6508 --- [restartedMain] c.a.d.s.b.a.DruidDataSourceAutoConfigure : Init DruidDataSource
2021-04-24 11:23:00.358  INFO 6508 --- [restartedMain] com.alibaba.druid.pool.DruidDataSource   : {dataSource-1} inited
2021-04-24 11:23:00.490  INFO 6508 --- [restartedMain] o.s.b.d.a.OptionalLiveReloadServer       : LiveReload server is running on port 35729
2021-04-24 11:23:00.523  INFO 6508 --- [restartedMain] o.s.b.w.embedded.tomcat.TomcatWebServer  : Tomcat started on port(s): 8080 (http) with context path ''
2021-04-24 11:24:57.475  INFO 8932 --- [restartedMain] .e.DevToolsPropertyDefaultsPostProcessor : Devtools property defaults active! Set 'spring.devtools.add-properties' to 'false' to disable
2021-04-24 11:24:57.477  INFO 8932 --- [restartedMain] .e.DevToolsPropertyDefaultsPostProcessor : For additional web related logging consider setting the 'logging.level.web' property to 'DEBUG'
2021-04-24 11:24:57.927  WARN 8932 --- [restartedMain] o.m.s.mapper.ClassPathMapperScanner      : No MyBatis mapper was found in '[com.ds]' package. Please check your configuration.
2021-04-24 11:24:58.330  INFO 8932 --- [restartedMain] o.s.b.w.embedded.tomcat.TomcatWebServer  : Tomcat initialized with port(s): 8080 (http)
2021-04-24 11:24:58.342  INFO 8932 --- [restartedMain] o.apache.catalina.core.StandardService   : Starting service [Tomcat]
2021-04-24 11:24:58.342  INFO 8932 --- [restartedMain] org.apache.catalina.core.StandardEngine  : Starting Servlet engine: [Apache Tomcat/9.0.45]
2021-04-24 11:24:58.393  INFO 8932 --- [restartedMain] o.a.c.c.C.[Tomcat].[localhost].[/]       : Initializing Spring embedded WebApplicationContext
2021-04-24 11:24:58.393  INFO 8932 --- [restartedMain] w.s.c.ServletWebServerApplicationContext : Root WebApplicationContext: initialization completed in 915 ms
2021-04-24 11:24:58.597  INFO 8932 --- [restartedMain] o.s.s.concurrent.ThreadPoolTaskExecutor  : Initializing ExecutorService 'applicationTaskExecutor'
2021-04-24 11:24:58.665  INFO 8932 --- [restartedMain] o.s.b.a.w.s.WelcomePageHandlerMapping    : Adding welcome page: class path resource [static/index.html]
2021-04-24 11:24:58.783  INFO 8932 --- [restartedMain] c.a.d.s.b.a.DruidDataSourceAutoConfigure : Init DruidDataSource
2021-04-24 11:24:59.056  INFO 8932 --- [restartedMain] com.alibaba.druid.pool.DruidDataSource   : {dataSource-1} inited
2021-04-24 11:24:59.186  INFO 8932 --- [restartedMain] o.s.b.d.a.OptionalLiveReloadServer       : LiveReload server is running on port 35729
2021-04-24 11:24:59.216  INFO 8932 --- [restartedMain] o.s.b.w.embedded.tomcat.TomcatWebServer  : Tomcat started on port(s): 8080 (http) with context path ''
2021-04-24 12:49:51.772  WARN 1784 --- [main] o.m.s.mapper.ClassPathMapperScanner      : No MyBatis mapper was found in '[com.ds]' package. Please check your configuration.
2021-04-24 12:49:52.508  INFO 1784 --- [main] o.s.s.concurrent.ThreadPoolTaskExecutor  : Initializing ExecutorService 'applicationTaskExecutor'
2021-04-24 12:49:52.655  INFO 1784 --- [main] o.s.b.a.w.s.WelcomePageHandlerMapping    : Adding welcome page: class path resource [static/index.html]
2021-04-24 12:49:52.946  INFO 1784 --- [main] c.a.d.s.b.a.DruidDataSourceAutoConfigure : Init DruidDataSource
2021-04-24 12:49:53.429  INFO 1784 --- [main] com.alibaba.druid.pool.DruidDataSource   : {dataSource-1} inited
2021-04-24 12:49:54.036  INFO 1784 --- [SpringContextShutdownHook] com.alibaba.druid.pool.DruidDataSource   : {dataSource-1} closed
2021-04-24 12:49:54.037  INFO 1784 --- [SpringContextShutdownHook] o.s.s.concurrent.ThreadPoolTaskExecutor  : Shutting down ExecutorService 'applicationTaskExecutor'
2021-04-24 12:59:30.817  WARN 6508 --- [main] o.m.s.mapper.ClassPathMapperScanner      : No MyBatis mapper was found in '[com.ds]' package. Please check your configuration.
2021-04-24 12:59:31.564  INFO 6508 --- [main] o.s.s.concurrent.ThreadPoolTaskExecutor  : Initializing ExecutorService 'applicationTaskExecutor'
2021-04-24 12:59:31.704  INFO 6508 --- [main] o.s.b.a.w.s.WelcomePageHandlerMapping    : Adding welcome page: class path resource [static/index.html]
2021-04-24 12:59:32.010  INFO 6508 --- [main] c.a.d.s.b.a.DruidDataSourceAutoConfigure : Init DruidDataSource
2021-04-24 12:59:32.395  INFO 6508 --- [main] com.alibaba.druid.pool.DruidDataSource   : {dataSource-1} inited
2021-04-24 12:59:32.860  INFO 6508 --- [SpringContextShutdownHook] com.alibaba.druid.pool.DruidDataSource   : {dataSource-1} closed
2021-04-24 12:59:32.861  INFO 6508 --- [SpringContextShutdownHook] o.s.s.concurrent.ThreadPoolTaskExecutor  : Shutting down ExecutorService 'applicationTaskExecutor'
2021-04-24 13:13:34.324  WARN 12268 --- [main] o.m.s.mapper.ClassPathMapperScanner      : No MyBatis mapper was found in '[com.ds]' package. Please check your configuration.
2021-04-24 13:13:35.176  INFO 12268 --- [main] o.s.s.concurrent.ThreadPoolTaskExecutor  : Initializing ExecutorService 'applicationTaskExecutor'
2021-04-24 13:13:35.319  INFO 12268 --- [main] o.s.b.a.w.s.WelcomePageHandlerMapping    : Adding welcome page: class path resource [static/index.html]
2021-04-24 13:13:35.636  INFO 12268 --- [main] c.a.d.s.b.a.DruidDataSourceAutoConfigure : Init DruidDataSource
2021-04-24 13:13:36.051  INFO 12268 --- [main] com.alibaba.druid.pool.DruidDataSource   : {dataSource-1} inited
2021-04-24 13:13:41.613  INFO 12268 --- [SpringContextShutdownHook] com.alibaba.druid.pool.DruidDataSource   : {dataSource-1} closed
2021-04-24 13:13:41.614  INFO 12268 --- [SpringContextShutdownHook] o.s.s.concurrent.ThreadPoolTaskExecutor  : Shutting down ExecutorService 'applicationTaskExecutor'
2021-04-24 13:17:33.965  WARN 13604 --- [main] o.m.s.mapper.ClassPathMapperScanner      : No MyBatis mapper was found in '[com.ds]' package. Please check your configuration.
2021-04-24 13:17:34.768  INFO 13604 --- [main] o.s.s.concurrent.ThreadPoolTaskExecutor  : Initializing ExecutorService 'applicationTaskExecutor'
2021-04-24 13:17:34.902  INFO 13604 --- [main] o.s.b.a.w.s.WelcomePageHandlerMapping    : Adding welcome page: class path resource [static/index.html]
2021-04-24 13:17:35.223  INFO 13604 --- [main] c.a.d.s.b.a.DruidDataSourceAutoConfigure : Init DruidDataSource
2021-04-24 13:17:35.588  INFO 13604 --- [main] com.alibaba.druid.pool.DruidDataSource   : {dataSource-1} inited
2021-04-24 13:17:41.072  INFO 13604 --- [SpringContextShutdownHook] com.alibaba.druid.pool.DruidDataSource   : {dataSource-1} closed
2021-04-24 13:17:41.072  INFO 13604 --- [SpringContextShutdownHook] o.s.s.concurrent.ThreadPoolTaskExecutor  : Shutting down ExecutorService 'applicationTaskExecutor'
2021-04-24 13:18:48.839  WARN 1992 --- [main] o.m.s.mapper.ClassPathMapperScanner      : No MyBatis mapper was found in '[com.ds]' package. Please check your configuration.
2021-04-24 13:18:49.599  INFO 1992 --- [main] o.s.s.concurrent.ThreadPoolTaskExecutor  : Initializing ExecutorService 'applicationTaskExecutor'
2021-04-24 13:18:49.742  INFO 1992 --- [main] o.s.b.a.w.s.WelcomePageHandlerMapping    : Adding welcome page: class path resource [static/index.html]
2021-04-24 13:18:50.081  INFO 1992 --- [main] c.a.d.s.b.a.DruidDataSourceAutoConfigure : Init DruidDataSource
2021-04-24 13:18:50.437  INFO 1992 --- [main] com.alibaba.druid.pool.DruidDataSource   : {dataSource-1} inited
2021-04-24 13:18:53.948  INFO 1992 --- [SpringContextShutdownHook] com.alibaba.druid.pool.DruidDataSource   : {dataSource-1} closed
2021-04-24 13:18:53.949  INFO 1992 --- [SpringContextShutdownHook] o.s.s.concurrent.ThreadPoolTaskExecutor  : Shutting down ExecutorService 'applicationTaskExecutor'
2021-04-24 13:19:15.177  WARN 12612 --- [main] o.m.s.mapper.ClassPathMapperScanner      : No MyBatis mapper was found in '[com.ds]' package. Please check your configuration.
2021-04-24 13:19:15.924  INFO 12612 --- [main] o.s.s.concurrent.ThreadPoolTaskExecutor  : Initializing ExecutorService 'applicationTaskExecutor'
2021-04-24 13:19:16.057  INFO 12612 --- [main] o.s.b.a.w.s.WelcomePageHandlerMapping    : Adding welcome page: class path resource [static/index.html]
2021-04-24 13:19:16.401  INFO 12612 --- [main] c.a.d.s.b.a.DruidDataSourceAutoConfigure : Init DruidDataSource
2021-04-24 13:19:16.773  INFO 12612 --- [main] com.alibaba.druid.pool.DruidDataSource   : {dataSource-1} inited
2021-04-24 13:19:20.279  INFO 12612 --- [SpringContextShutdownHook] com.alibaba.druid.pool.DruidDataSource   : {dataSource-1} closed
2021-04-24 13:19:20.280  INFO 12612 --- [SpringContextShutdownHook] o.s.s.concurrent.ThreadPoolTaskExecutor  : Shutting down ExecutorService 'applicationTaskExecutor'
2021-04-24 13:22:30.521  WARN 12128 --- [main] o.m.s.mapper.ClassPathMapperScanner      : No MyBatis mapper was found in '[com.ds]' package. Please check your configuration.
2021-04-24 13:22:31.254  INFO 12128 --- [main] o.s.s.concurrent.ThreadPoolTaskExecutor  : Initializing ExecutorService 'applicationTaskExecutor'
2021-04-24 13:22:31.390  INFO 12128 --- [main] o.s.b.a.w.s.WelcomePageHandlerMapping    : Adding welcome page: class path resource [static/index.html]
2021-04-24 13:22:31.745  INFO 12128 --- [main] c.a.d.s.b.a.DruidDataSourceAutoConfigure : Init DruidDataSource
2021-04-24 13:22:32.108  INFO 12128 --- [main] com.alibaba.druid.pool.DruidDataSource   : {dataSource-1} inited
2021-04-24 13:22:35.606  INFO 12128 --- [SpringContextShutdownHook] com.alibaba.druid.pool.DruidDataSource   : {dataSource-1} closed
2021-04-24 13:22:35.606  INFO 12128 --- [SpringContextShutdownHook] o.s.s.concurrent.ThreadPoolTaskExecutor  : Shutting down ExecutorService 'applicationTaskExecutor'
2021-04-24 13:36:09.803  INFO 8752 --- [restartedMain] .e.DevToolsPropertyDefaultsPostProcessor : Devtools property defaults active! Set 'spring.devtools.add-properties' to 'false' to disable
2021-04-24 13:36:09.805  INFO 8752 --- [restartedMain] .e.DevToolsPropertyDefaultsPostProcessor : For additional web related logging consider setting the 'logging.level.web' property to 'DEBUG'
2021-04-24 13:36:10.256  WARN 8752 --- [restartedMain] o.m.s.mapper.ClassPathMapperScanner      : No MyBatis mapper was found in '[com.ds]' package. Please check your configuration.
2021-04-24 13:36:10.666  INFO 8752 --- [restartedMain] o.s.b.w.embedded.tomcat.TomcatWebServer  : Tomcat initialized with port(s): 8080 (http)
2021-04-24 13:36:10.674  INFO 8752 --- [restartedMain] o.apache.catalina.core.StandardService   : Starting service [Tomcat]
2021-04-24 13:36:10.674  INFO 8752 --- [restartedMain] org.apache.catalina.core.StandardEngine  : Starting Servlet engine: [Apache Tomcat/9.0.45]
2021-04-24 13:36:10.728  INFO 8752 --- [restartedMain] o.a.c.c.C.[Tomcat].[localhost].[/]       : Initializing Spring embedded WebApplicationContext
2021-04-24 13:36:10.728  INFO 8752 --- [restartedMain] w.s.c.ServletWebServerApplicationContext : Root WebApplicationContext: initialization completed in 915 ms
2021-04-24 13:36:10.788  WARN 8752 --- [restartedMain] ConfigServletWebServerApplicationContext : Exception encountered during context initialization - cancelling refresh attempt: org.springframework.beans.factory.BeanCreationException: Error creating bean with name 'testCtroller': Injection of resource dependencies failed; nested exception is org.springframework.beans.factory.NoSuchBeanDefinitionException: No qualifying bean of type 'com.ds.service.TestService' available: expected at least 1 bean which qualifies as autowire candidate. Dependency annotations: {@javax.annotation.Resource(shareable=true, lookup=, name=, description=, authenticationType=CONTAINER, type=class java.lang.Object, mappedName=)}
2021-04-24 13:36:10.790  INFO 8752 --- [restartedMain] o.apache.catalina.core.StandardService   : Stopping service [Tomcat]
2021-04-24 13:36:10.813  INFO 8752 --- [restartedMain] ConditionEvaluationReportLoggingListener : 

Error starting ApplicationContext. To display the conditions report re-run your application with 'debug' enabled.
2021-04-24 13:36:10.830 ERROR 8752 --- [restartedMain] o.s.b.d.LoggingFailureAnalysisReporter   : 

***************************
APPLICATION FAILED TO START
***************************

Description:

A component required a bean of type 'com.ds.service.TestService' that could not be found.


Action:

Consider defining a bean of type 'com.ds.service.TestService' in your configuration.

2021-04-24 13:36:54.993  INFO 7016 --- [restartedMain] .e.DevToolsPropertyDefaultsPostProcessor : Devtools property defaults active! Set 'spring.devtools.add-properties' to 'false' to disable
2021-04-24 13:36:54.995  INFO 7016 --- [restartedMain] .e.DevToolsPropertyDefaultsPostProcessor : For additional web related logging consider setting the 'logging.level.web' property to 'DEBUG'
2021-04-24 13:36:55.445  WARN 7016 --- [restartedMain] o.m.s.mapper.ClassPathMapperScanner      : No MyBatis mapper was found in '[com.ds]' package. Please check your configuration.
2021-04-24 13:36:55.849  INFO 7016 --- [restartedMain] o.s.b.w.embedded.tomcat.TomcatWebServer  : Tomcat initialized with port(s): 8080 (http)
2021-04-24 13:36:55.856  INFO 7016 --- [restartedMain] o.apache.catalina.core.StandardService   : Starting service [Tomcat]
2021-04-24 13:36:55.856  INFO 7016 --- [restartedMain] org.apache.catalina.core.StandardEngine  : Starting Servlet engine: [Apache Tomcat/9.0.45]
2021-04-24 13:36:55.909  INFO 7016 --- [restartedMain] o.a.c.c.C.[Tomcat].[localhost].[/]       : Initializing Spring embedded WebApplicationContext
2021-04-24 13:36:55.909  INFO 7016 --- [restartedMain] w.s.c.ServletWebServerApplicationContext : Root WebApplicationContext: initialization completed in 912 ms
2021-04-24 13:36:55.966  WARN 7016 --- [restartedMain] ConfigServletWebServerApplicationContext : Exception encountered during context initialization - cancelling refresh attempt: org.springframework.beans.factory.BeanCreationException: Error creating bean with name 'testCtroller': Injection of resource dependencies failed; nested exception is org.springframework.beans.factory.NoSuchBeanDefinitionException: No qualifying bean of type 'com.ds.service.TestService' available: expected at least 1 bean which qualifies as autowire candidate. Dependency annotations: {@javax.annotation.Resource(shareable=true, lookup=, name=, description=, authenticationType=CONTAINER, type=class java.lang.Object, mappedName=)}
2021-04-24 13:36:55.968  INFO 7016 --- [restartedMain] o.apache.catalina.core.StandardService   : Stopping service [Tomcat]
2021-04-24 13:36:55.984  INFO 7016 --- [restartedMain] ConditionEvaluationReportLoggingListener : 

Error starting ApplicationContext. To display the conditions report re-run your application with 'debug' enabled.
2021-04-24 13:36:56.010 ERROR 7016 --- [restartedMain] o.s.b.d.LoggingFailureAnalysisReporter   : 

***************************
APPLICATION FAILED TO START
***************************

Description:

A component required a bean of type 'com.ds.service.TestService' that could not be found.


Action:

Consider defining a bean of type 'com.ds.service.TestService' in your configuration.

2021-04-24 13:38:18.542  INFO 11284 --- [restartedMain] .e.DevToolsPropertyDefaultsPostProcessor : Devtools property defaults active! Set 'spring.devtools.add-properties' to 'false' to disable
2021-04-24 13:38:18.544  INFO 11284 --- [restartedMain] .e.DevToolsPropertyDefaultsPostProcessor : For additional web related logging consider setting the 'logging.level.web' property to 'DEBUG'
2021-04-24 13:38:18.995  WARN 11284 --- [restartedMain] o.m.s.mapper.ClassPathMapperScanner      : No MyBatis mapper was found in '[com.ds]' package. Please check your configuration.
2021-04-24 13:38:19.392  INFO 11284 --- [restartedMain] o.s.b.w.embedded.tomcat.TomcatWebServer  : Tomcat initialized with port(s): 8080 (http)
2021-04-24 13:38:19.400  INFO 11284 --- [restartedMain] o.apache.catalina.core.StandardService   : Starting service [Tomcat]
2021-04-24 13:38:19.401  INFO 11284 --- [restartedMain] org.apache.catalina.core.StandardEngine  : Starting Servlet engine: [Apache Tomcat/9.0.45]
2021-04-24 13:38:19.454  INFO 11284 --- [restartedMain] o.a.c.c.C.[Tomcat].[localhost].[/]       : Initializing Spring embedded WebApplicationContext
2021-04-24 13:38:19.455  INFO 11284 --- [restartedMain] w.s.c.ServletWebServerApplicationContext : Root WebApplicationContext: initialization completed in 911 ms
2021-04-24 13:38:19.647  INFO 11284 --- [restartedMain] o.s.s.concurrent.ThreadPoolTaskExecutor  : Initializing ExecutorService 'applicationTaskExecutor'
2021-04-24 13:38:19.710  INFO 11284 --- [restartedMain] o.s.b.a.w.s.WelcomePageHandlerMapping    : Adding welcome page: class path resource [static/index.html]
2021-04-24 13:38:19.811  INFO 11284 --- [restartedMain] c.a.d.s.b.a.DruidDataSourceAutoConfigure : Init DruidDataSource
2021-04-24 13:38:20.085  INFO 11284 --- [restartedMain] com.alibaba.druid.pool.DruidDataSource   : {dataSource-1} inited
2021-04-24 13:38:20.233  INFO 11284 --- [restartedMain] o.s.b.d.a.OptionalLiveReloadServer       : LiveReload server is running on port 35729
2021-04-24 13:38:20.265  INFO 11284 --- [restartedMain] o.s.b.w.embedded.tomcat.TomcatWebServer  : Tomcat started on port(s): 8080 (http) with context path ''
2021-04-24 13:38:52.797  INFO 11284 --- [http-nio-8080-exec-1] o.a.c.c.C.[Tomcat].[localhost].[/]       : Initializing Spring DispatcherServlet 'dispatcherServlet'
2021-04-24 13:38:52.797  INFO 11284 --- [http-nio-8080-exec-1] o.s.web.servlet.DispatcherServlet        : Initializing Servlet 'dispatcherServlet'
2021-04-24 13:38:52.798  INFO 11284 --- [http-nio-8080-exec-1] o.s.web.servlet.DispatcherServlet        : Completed initialization in 1 ms
2021-04-24 13:39:30.598  INFO 14140 --- [restartedMain] .e.DevToolsPropertyDefaultsPostProcessor : Devtools property defaults active! Set 'spring.devtools.add-properties' to 'false' to disable
2021-04-24 13:39:30.600  INFO 14140 --- [restartedMain] .e.DevToolsPropertyDefaultsPostProcessor : For additional web related logging consider setting the 'logging.level.web' property to 'DEBUG'
2021-04-24 13:39:31.058  WARN 14140 --- [restartedMain] o.m.s.mapper.ClassPathMapperScanner      : No MyBatis mapper was found in '[com.ds]' package. Please check your configuration.
2021-04-24 13:39:31.451  INFO 14140 --- [restartedMain] o.s.b.w.embedded.tomcat.TomcatWebServer  : Tomcat initialized with port(s): 8080 (http)
2021-04-24 13:39:31.458  INFO 14140 --- [restartedMain] o.apache.catalina.core.StandardService   : Starting service [Tomcat]
2021-04-24 13:39:31.458  INFO 14140 --- [restartedMain] org.apache.catalina.core.StandardEngine  : Starting Servlet engine: [Apache Tomcat/9.0.45]
2021-04-24 13:39:31.508  INFO 14140 --- [restartedMain] o.a.c.c.C.[Tomcat].[localhost].[/]       : Initializing Spring embedded WebApplicationContext
2021-04-24 13:39:31.509  INFO 14140 --- [restartedMain] w.s.c.ServletWebServerApplicationContext : Root WebApplicationContext: initialization completed in 908 ms
2021-04-24 13:39:31.815  INFO 14140 --- [restartedMain] o.s.s.concurrent.ThreadPoolTaskExecutor  : Initializing ExecutorService 'applicationTaskExecutor'
2021-04-24 13:39:31.874  INFO 14140 --- [restartedMain] o.s.b.a.w.s.WelcomePageHandlerMapping    : Adding welcome page: class path resource [static/index.html]
2021-04-24 13:39:31.976  INFO 14140 --- [restartedMain] c.a.d.s.b.a.DruidDataSourceAutoConfigure : Init DruidDataSource
2021-04-24 13:39:32.256  INFO 14140 --- [restartedMain] com.alibaba.druid.pool.DruidDataSource   : {dataSource-1} inited
2021-04-24 13:39:32.400  INFO 14140 --- [restartedMain] o.s.b.d.a.OptionalLiveReloadServer       : LiveReload server is running on port 35729
2021-04-24 13:39:32.431  INFO 14140 --- [restartedMain] o.s.b.w.embedded.tomcat.TomcatWebServer  : Tomcat started on port(s): 8080 (http) with context path ''
2021-04-24 13:39:39.376  INFO 14140 --- [http-nio-8080-exec-1] o.a.c.c.C.[Tomcat].[localhost].[/]       : Initializing Spring DispatcherServlet 'dispatcherServlet'
2021-04-24 13:39:39.376  INFO 14140 --- [http-nio-8080-exec-1] o.s.web.servlet.DispatcherServlet        : Initializing Servlet 'dispatcherServlet'
2021-04-24 13:39:39.377  INFO 14140 --- [http-nio-8080-exec-1] o.s.web.servlet.DispatcherServlet        : Completed initialization in 0 ms
2021-04-24 14:13:48.244  INFO 12372 --- [restartedMain] .e.DevToolsPropertyDefaultsPostProcessor : Devtools property defaults active! Set 'spring.devtools.add-properties' to 'false' to disable
2021-04-24 14:13:48.246  INFO 12372 --- [restartedMain] .e.DevToolsPropertyDefaultsPostProcessor : For additional web related logging consider setting the 'logging.level.web' property to 'DEBUG'
2021-04-24 14:13:48.885  WARN 12372 --- [restartedMain] o.m.s.mapper.ClassPathMapperScanner      : No MyBatis mapper was found in '[com.ds]' package. Please check your configuration.
2021-04-24 14:13:49.290  INFO 12372 --- [restartedMain] o.s.b.w.embedded.tomcat.TomcatWebServer  : Tomcat initialized with port(s): 8080 (http)
2021-04-24 14:13:49.297  INFO 12372 --- [restartedMain] o.apache.catalina.core.StandardService   : Starting service [Tomcat]
2021-04-24 14:13:49.297  INFO 12372 --- [restartedMain] org.apache.catalina.core.StandardEngine  : Starting Servlet engine: [Apache Tomcat/9.0.45]
2021-04-24 14:13:49.356  INFO 12372 --- [restartedMain] o.a.c.c.C.[Tomcat].[localhost].[/]       : Initializing Spring embedded WebApplicationContext
2021-04-24 14:13:49.356  INFO 12372 --- [restartedMain] w.s.c.ServletWebServerApplicationContext : Root WebApplicationContext: initialization completed in 1109 ms
2021-04-24 14:13:49.428  WARN 12372 --- [restartedMain] ConfigServletWebServerApplicationContext : Exception encountered during context initialization - cancelling refresh attempt: org.springframework.beans.factory.BeanCreationException: Error creating bean with name 'testCtroller': Injection of resource dependencies failed; nested exception is org.springframework.beans.factory.BeanCreationException: Error creating bean with name 'testService' defined in file [D:\JAVA\IDEA\IdeaProjects\springboot\target\classes\com\ds\service\impl\TestServiceImpl.class]: Initialization of bean failed; nested exception is java.lang.IllegalStateException: Need to invoke method 'secondExport' declared on target class 'TestServiceImpl', but not found in any interface(s) of the exposed proxy type. Either pull the method up to an interface or switch to CGLIB proxies by enforcing proxy-target-class mode in your configuration.
2021-04-24 14:13:49.431  INFO 12372 --- [restartedMain] o.apache.catalina.core.StandardService   : Stopping service [Tomcat]
2021-04-24 14:13:49.458  INFO 12372 --- [restartedMain] ConditionEvaluationReportLoggingListener : 

Error starting ApplicationContext. To display the conditions report re-run your application with 'debug' enabled.
2021-04-24 14:13:49.576 ERROR 12372 --- [restartedMain] o.s.boot.SpringApplication               : Application run failed

org.springframework.beans.factory.BeanCreationException: Error creating bean with name 'testCtroller': Injection of resource dependencies failed; nested exception is org.springframework.beans.factory.BeanCreationException: Error creating bean with name 'testService' defined in file [D:\JAVA\IDEA\IdeaProjects\springboot\target\classes\com\ds\service\impl\TestServiceImpl.class]: Initialization of bean failed; nested exception is java.lang.IllegalStateException: Need to invoke method 'secondExport' declared on target class 'TestServiceImpl', but not found in any interface(s) of the exposed proxy type. Either pull the method up to an interface or switch to CGLIB proxies by enforcing proxy-target-class mode in your configuration.
	at org.springframework.context.annotation.CommonAnnotationBeanPostProcessor.postProcessProperties(CommonAnnotationBeanPostProcessor.java:321) ~[spring-context-5.3.6.jar:5.3.6]
	at org.springframework.beans.factory.support.AbstractAutowireCapableBeanFactory.populateBean(AbstractAutowireCapableBeanFactory.java:1413) ~[spring-beans-5.3.6.jar:5.3.6]
	at org.springframework.beans.factory.support.AbstractAutowireCapableBeanFactory.doCreateBean(AbstractAutowireCapableBeanFactory.java:601) ~[spring-beans-5.3.6.jar:5.3.6]
	at org.springframework.beans.factory.support.AbstractAutowireCapableBeanFactory.createBean(AbstractAutowireCapableBeanFactory.java:524) ~[spring-beans-5.3.6.jar:5.3.6]
	at org.springframework.beans.factory.support.AbstractBeanFactory.lambda$doGetBean$0(AbstractBeanFactory.java:335) ~[spring-beans-5.3.6.jar:5.3.6]
	at org.springframework.beans.factory.support.DefaultSingletonBeanRegistry.getSingleton(DefaultSingletonBeanRegistry.java:234) ~[spring-beans-5.3.6.jar:5.3.6]
	at org.springframework.beans.factory.support.AbstractBeanFactory.doGetBean(AbstractBeanFactory.java:333) ~[spring-beans-5.3.6.jar:5.3.6]
	at org.springframework.beans.factory.support.AbstractBeanFactory.getBean(AbstractBeanFactory.java:208) ~[spring-beans-5.3.6.jar:5.3.6]
	at org.springframework.beans.factory.support.DefaultListableBeanFactory.preInstantiateSingletons(DefaultListableBeanFactory.java:944) ~[spring-beans-5.3.6.jar:5.3.6]
	at org.springframework.context.support.AbstractApplicationContext.finishBeanFactoryInitialization(AbstractApplicationContext.java:918) ~[spring-context-5.3.6.jar:5.3.6]
	at org.springframework.context.support.AbstractApplicationContext.refresh(AbstractApplicationContext.java:583) ~[spring-context-5.3.6.jar:5.3.6]
	at org.springframework.boot.web.servlet.context.ServletWebServerApplicationContext.refresh(ServletWebServerApplicationContext.java:144) ~[spring-boot-2.4.5.jar:2.4.5]
	at org.springframework.boot.SpringApplication.refresh(SpringApplication.java:782) [spring-boot-2.4.5.jar:2.4.5]
	at org.springframework.boot.SpringApplication.refresh(SpringApplication.java:774) [spring-boot-2.4.5.jar:2.4.5]
	at org.springframework.boot.SpringApplication.refreshContext(SpringApplication.java:439) [spring-boot-2.4.5.jar:2.4.5]
	at org.springframework.boot.SpringApplication.run(SpringApplication.java:339) [spring-boot-2.4.5.jar:2.4.5]
	at org.springframework.boot.SpringApplication.run(SpringApplication.java:1340) [spring-boot-2.4.5.jar:2.4.5]
	at org.springframework.boot.SpringApplication.run(SpringApplication.java:1329) [spring-boot-2.4.5.jar:2.4.5]
	at com.ds.SpringbootApplication.main(SpringbootApplication.java:16) [classes/:na]
	at sun.reflect.NativeMethodAccessorImpl.invoke0(Native Method) ~[na:1.8.0_131]
	at sun.reflect.NativeMethodAccessorImpl.invoke(NativeMethodAccessorImpl.java:62) ~[na:1.8.0_131]
	at sun.reflect.DelegatingMethodAccessorImpl.invoke(DelegatingMethodAccessorImpl.java:43) ~[na:1.8.0_131]
	at java.lang.reflect.Method.invoke(Method.java:498) ~[na:1.8.0_131]
	at org.springframework.boot.devtools.restart.RestartLauncher.run(RestartLauncher.java:49) [spring-boot-devtools-2.4.5.jar:2.4.5]
Caused by: org.springframework.beans.factory.BeanCreationException: Error creating bean with name 'testService' defined in file [D:\JAVA\IDEA\IdeaProjects\springboot\target\classes\com\ds\service\impl\TestServiceImpl.class]: Initialization of bean failed; nested exception is java.lang.IllegalStateException: Need to invoke method 'secondExport' declared on target class 'TestServiceImpl', but not found in any interface(s) of the exposed proxy type. Either pull the method up to an interface or switch to CGLIB proxies by enforcing proxy-target-class mode in your configuration.
	at org.springframework.beans.factory.support.AbstractAutowireCapableBeanFactory.doCreateBean(AbstractAutowireCapableBeanFactory.java:610) ~[spring-beans-5.3.6.jar:5.3.6]
	at org.springframework.beans.factory.support.AbstractAutowireCapableBeanFactory.createBean(AbstractAutowireCapableBeanFactory.java:524) ~[spring-beans-5.3.6.jar:5.3.6]
	at org.springframework.beans.factory.support.AbstractBeanFactory.lambda$doGetBean$0(AbstractBeanFactory.java:335) ~[spring-beans-5.3.6.jar:5.3.6]
	at org.springframework.beans.factory.support.DefaultSingletonBeanRegistry.getSingleton(DefaultSingletonBeanRegistry.java:234) ~[spring-beans-5.3.6.jar:5.3.6]
	at org.springframework.beans.factory.support.AbstractBeanFactory.doGetBean(AbstractBeanFactory.java:333) ~[spring-beans-5.3.6.jar:5.3.6]
	at org.springframework.beans.factory.support.AbstractBeanFactory.getBean(AbstractBeanFactory.java:213) ~[spring-beans-5.3.6.jar:5.3.6]
	at org.springframework.beans.factory.support.AbstractAutowireCapableBeanFactory.resolveBeanByName(AbstractAutowireCapableBeanFactory.java:461) ~[spring-beans-5.3.6.jar:5.3.6]
	at org.springframework.context.annotation.CommonAnnotationBeanPostProcessor.autowireResource(CommonAnnotationBeanPostProcessor.java:527) ~[spring-context-5.3.6.jar:5.3.6]
	at org.springframework.context.annotation.CommonAnnotationBeanPostProcessor.getResource(CommonAnnotationBeanPostProcessor.java:497) ~[spring-context-5.3.6.jar:5.3.6]
	at org.springframework.context.annotation.CommonAnnotationBeanPostProcessor$ResourceElement.getResourceToInject(CommonAnnotationBeanPostProcessor.java:650) ~[spring-context-5.3.6.jar:5.3.6]
	at org.springframework.beans.factory.annotation.InjectionMetadata$InjectedElement.inject(InjectionMetadata.java:228) ~[spring-beans-5.3.6.jar:5.3.6]
	at org.springframework.beans.factory.annotation.InjectionMetadata.inject(InjectionMetadata.java:119) ~[spring-beans-5.3.6.jar:5.3.6]
	at org.springframework.context.annotation.CommonAnnotationBeanPostProcessor.postProcessProperties(CommonAnnotationBeanPostProcessor.java:318) ~[spring-context-5.3.6.jar:5.3.6]
	... 23 common frames omitted
Caused by: java.lang.IllegalStateException: Need to invoke method 'secondExport' declared on target class 'TestServiceImpl', but not found in any interface(s) of the exposed proxy type. Either pull the method up to an interface or switch to CGLIB proxies by enforcing proxy-target-class mode in your configuration.
	at org.springframework.core.MethodIntrospector.selectInvocableMethod(MethodIntrospector.java:132) ~[spring-core-5.3.6.jar:5.3.6]
	at org.springframework.aop.support.AopUtils.selectInvocableMethod(AopUtils.java:135) ~[spring-aop-5.3.6.jar:5.3.6]
	at org.springframework.scheduling.annotation.ScheduledAnnotationBeanPostProcessor.createRunnable(ScheduledAnnotationBeanPostProcessor.java:526) ~[spring-context-5.3.6.jar:5.3.6]
	at org.springframework.scheduling.annotation.ScheduledAnnotationBeanPostProcessor.processScheduled(ScheduledAnnotationBeanPostProcessor.java:393) ~[spring-context-5.3.6.jar:5.3.6]
	at org.springframework.scheduling.annotation.ScheduledAnnotationBeanPostProcessor.lambda$null$1(ScheduledAnnotationBeanPostProcessor.java:374) ~[spring-context-5.3.6.jar:5.3.6]
	at java.lang.Iterable.forEach(Iterable.java:75) ~[na:1.8.0_131]
	at org.springframework.scheduling.annotation.ScheduledAnnotationBeanPostProcessor.lambda$postProcessAfterInitialization$2(ScheduledAnnotationBeanPostProcessor.java:374) ~[spring-context-5.3.6.jar:5.3.6]
	at java.util.LinkedHashMap.forEach(LinkedHashMap.java:684) ~[na:1.8.0_131]
	at org.springframework.scheduling.annotation.ScheduledAnnotationBeanPostProcessor.postProcessAfterInitialization(ScheduledAnnotationBeanPostProcessor.java:373) ~[spring-context-5.3.6.jar:5.3.6]
	at org.springframework.beans.factory.support.AbstractAutowireCapableBeanFactory.applyBeanPostProcessorsAfterInitialization(AbstractAutowireCapableBeanFactory.java:437) ~[spring-beans-5.3.6.jar:5.3.6]
	at org.springframework.beans.factory.support.AbstractAutowireCapableBeanFactory.initializeBean(AbstractAutowireCapableBeanFactory.java:1790) ~[spring-beans-5.3.6.jar:5.3.6]
	at org.springframework.beans.factory.support.AbstractAutowireCapableBeanFactory.doCreateBean(AbstractAutowireCapableBeanFactory.java:602) ~[spring-beans-5.3.6.jar:5.3.6]
	... 35 common frames omitted

2021-04-24 14:17:34.287  INFO 13304 --- [restartedMain] .e.DevToolsPropertyDefaultsPostProcessor : Devtools property defaults active! Set 'spring.devtools.add-properties' to 'false' to disable
2021-04-24 14:17:34.303  INFO 13304 --- [restartedMain] .e.DevToolsPropertyDefaultsPostProcessor : For additional web related logging consider setting the 'logging.level.web' property to 'DEBUG'
2021-04-24 14:17:34.796  WARN 13304 --- [restartedMain] o.m.s.mapper.ClassPathMapperScanner      : No MyBatis mapper was found in '[com.ds]' package. Please check your configuration.
2021-04-24 14:17:35.203  INFO 13304 --- [restartedMain] o.s.b.w.embedded.tomcat.TomcatWebServer  : Tomcat initialized with port(s): 8080 (http)
2021-04-24 14:17:35.210  INFO 13304 --- [restartedMain] o.apache.catalina.core.StandardService   : Starting service [Tomcat]
2021-04-24 14:17:35.210  INFO 13304 --- [restartedMain] org.apache.catalina.core.StandardEngine  : Starting Servlet engine: [Apache Tomcat/9.0.45]
2021-04-24 14:17:35.263  INFO 13304 --- [restartedMain] o.a.c.c.C.[Tomcat].[localhost].[/]       : Initializing Spring embedded WebApplicationContext
2021-04-24 14:17:35.263  INFO 13304 --- [restartedMain] w.s.c.ServletWebServerApplicationContext : Root WebApplicationContext: initialization completed in 955 ms
2021-04-24 14:17:35.458  INFO 13304 --- [restartedMain] o.s.s.concurrent.ThreadPoolTaskExecutor  : Initializing ExecutorService
2021-04-24 14:17:35.459  INFO 13304 --- [restartedMain] o.s.s.concurrent.ThreadPoolTaskExecutor  : Initializing ExecutorService 'asyncExecutor'
2021-04-24 14:17:35.640  INFO 13304 --- [restartedMain] o.s.b.a.w.s.WelcomePageHandlerMapping    : Adding welcome page: class path resource [static/index.html]
2021-04-24 14:17:35.764  INFO 13304 --- [restartedMain] c.a.d.s.b.a.DruidDataSourceAutoConfigure : Init DruidDataSource
2021-04-24 14:17:36.036  INFO 13304 --- [restartedMain] com.alibaba.druid.pool.DruidDataSource   : {dataSource-1} inited
2021-04-24 14:17:36.159  INFO 13304 --- [restartedMain] o.s.s.c.ThreadPoolTaskScheduler          : Initializing ExecutorService 'taskScheduler'
2021-04-24 14:17:36.185  INFO 13304 --- [restartedMain] o.s.b.d.a.OptionalLiveReloadServer       : LiveReload server is running on port 35729
2021-04-24 14:17:36.216  INFO 13304 --- [restartedMain] o.s.b.w.embedded.tomcat.TomcatWebServer  : Tomcat started on port(s): 8080 (http) with context path ''
2021-04-24 14:19:14.201  INFO 13980 --- [restartedMain] .e.DevToolsPropertyDefaultsPostProcessor : Devtools property defaults active! Set 'spring.devtools.add-properties' to 'false' to disable
2021-04-24 14:19:14.203  INFO 13980 --- [restartedMain] .e.DevToolsPropertyDefaultsPostProcessor : For additional web related logging consider setting the 'logging.level.web' property to 'DEBUG'
2021-04-24 14:19:14.722  WARN 13980 --- [restartedMain] o.m.s.mapper.ClassPathMapperScanner      : No MyBatis mapper was found in '[com.ds]' package. Please check your configuration.
2021-04-24 14:19:15.140  INFO 13980 --- [restartedMain] o.s.b.w.embedded.tomcat.TomcatWebServer  : Tomcat initialized with port(s): 8080 (http)
2021-04-24 14:19:15.146  INFO 13980 --- [restartedMain] o.apache.catalina.core.StandardService   : Starting service [Tomcat]
2021-04-24 14:19:15.147  INFO 13980 --- [restartedMain] org.apache.catalina.core.StandardEngine  : Starting Servlet engine: [Apache Tomcat/9.0.45]
2021-04-24 14:19:15.197  INFO 13980 --- [restartedMain] o.a.c.c.C.[Tomcat].[localhost].[/]       : Initializing Spring embedded WebApplicationContext
2021-04-24 14:19:15.198  INFO 13980 --- [restartedMain] w.s.c.ServletWebServerApplicationContext : Root WebApplicationContext: initialization completed in 994 ms
2021-04-24 14:19:15.283  INFO 13980 --- [restartedMain] o.s.s.concurrent.ThreadPoolTaskExecutor  : Initializing ExecutorService
2021-04-24 14:19:15.284  INFO 13980 --- [restartedMain] o.s.s.concurrent.ThreadPoolTaskExecutor  : Initializing ExecutorService 'asyncExecutor'
2021-04-24 14:19:15.468  INFO 13980 --- [restartedMain] o.s.b.a.w.s.WelcomePageHandlerMapping    : Adding welcome page: class path resource [static/index.html]
2021-04-24 14:19:15.577  INFO 13980 --- [restartedMain] c.a.d.s.b.a.DruidDataSourceAutoConfigure : Init DruidDataSource
2021-04-24 14:19:15.852  INFO 13980 --- [restartedMain] com.alibaba.druid.pool.DruidDataSource   : {dataSource-1} inited
2021-04-24 14:19:15.976  INFO 13980 --- [restartedMain] o.s.s.c.ThreadPoolTaskScheduler          : Initializing ExecutorService 'taskScheduler'
2021-04-24 14:19:16.001  INFO 13980 --- [restartedMain] o.s.b.d.a.OptionalLiveReloadServer       : LiveReload server is running on port 35729
2021-04-24 14:19:16.032  INFO 13980 --- [restartedMain] o.s.b.w.embedded.tomcat.TomcatWebServer  : Tomcat started on port(s): 8080 (http) with context path ''
2021-04-24 14:20:59.926  INFO 32 --- [restartedMain] .e.DevToolsPropertyDefaultsPostProcessor : Devtools property defaults active! Set 'spring.devtools.add-properties' to 'false' to disable
2021-04-24 14:20:59.927  INFO 32 --- [restartedMain] .e.DevToolsPropertyDefaultsPostProcessor : For additional web related logging consider setting the 'logging.level.web' property to 'DEBUG'
2021-04-24 14:21:00.427  WARN 32 --- [restartedMain] o.m.s.mapper.ClassPathMapperScanner      : No MyBatis mapper was found in '[com.ds]' package. Please check your configuration.
2021-04-24 14:21:00.833  INFO 32 --- [restartedMain] o.s.b.w.embedded.tomcat.TomcatWebServer  : Tomcat initialized with port(s): 8080 (http)
2021-04-24 14:21:00.840  INFO 32 --- [restartedMain] o.apache.catalina.core.StandardService   : Starting service [Tomcat]
2021-04-24 14:21:00.840  INFO 32 --- [restartedMain] org.apache.catalina.core.StandardEngine  : Starting Servlet engine: [Apache Tomcat/9.0.45]
2021-04-24 14:21:00.893  INFO 32 --- [restartedMain] o.a.c.c.C.[Tomcat].[localhost].[/]       : Initializing Spring embedded WebApplicationContext
2021-04-24 14:21:00.893  INFO 32 --- [restartedMain] w.s.c.ServletWebServerApplicationContext : Root WebApplicationContext: initialization completed in 965 ms
2021-04-24 14:21:00.968  INFO 32 --- [restartedMain] o.s.s.concurrent.ThreadPoolTaskExecutor  : Initializing ExecutorService
2021-04-24 14:21:00.969  INFO 32 --- [restartedMain] o.s.s.concurrent.ThreadPoolTaskExecutor  : Initializing ExecutorService 'asyncExecutor'
2021-04-24 14:21:01.163  INFO 32 --- [restartedMain] o.s.b.a.w.s.WelcomePageHandlerMapping    : Adding welcome page: class path resource [static/index.html]
2021-04-24 14:21:01.273  INFO 32 --- [restartedMain] c.a.d.s.b.a.DruidDataSourceAutoConfigure : Init DruidDataSource
2021-04-24 14:21:01.544  INFO 32 --- [restartedMain] com.alibaba.druid.pool.DruidDataSource   : {dataSource-1} inited
2021-04-24 14:21:01.677  INFO 32 --- [restartedMain] o.s.s.c.ThreadPoolTaskScheduler          : Initializing ExecutorService 'taskScheduler'
2021-04-24 14:21:01.702  INFO 32 --- [restartedMain] o.s.b.d.a.OptionalLiveReloadServer       : LiveReload server is running on port 35729
2021-04-24 14:21:01.733  INFO 32 --- [restartedMain] o.s.b.w.embedded.tomcat.TomcatWebServer  : Tomcat started on port(s): 8080 (http) with context path ''
2021-04-24 14:24:30.940  INFO 11288 --- [restartedMain] .e.DevToolsPropertyDefaultsPostProcessor : Devtools property defaults active! Set 'spring.devtools.add-properties' to 'false' to disable
2021-04-24 14:24:30.951  INFO 11288 --- [restartedMain] .e.DevToolsPropertyDefaultsPostProcessor : For additional web related logging consider setting the 'logging.level.web' property to 'DEBUG'
2021-04-24 14:24:31.415  WARN 11288 --- [restartedMain] o.m.s.mapper.ClassPathMapperScanner      : No MyBatis mapper was found in '[com.ds]' package. Please check your configuration.
2021-04-24 14:24:31.860  INFO 11288 --- [restartedMain] o.s.b.w.embedded.tomcat.TomcatWebServer  : Tomcat initialized with port(s): 8080 (http)
2021-04-24 14:24:31.869  INFO 11288 --- [restartedMain] o.apache.catalina.core.StandardService   : Starting service [Tomcat]
2021-04-24 14:24:31.870  INFO 11288 --- [restartedMain] org.apache.catalina.core.StandardEngine  : Starting Servlet engine: [Apache Tomcat/9.0.45]
2021-04-24 14:24:31.919  INFO 11288 --- [restartedMain] o.a.c.c.C.[Tomcat].[localhost].[/]       : Initializing Spring embedded WebApplicationContext
2021-04-24 14:24:31.919  INFO 11288 --- [restartedMain] w.s.c.ServletWebServerApplicationContext : Root WebApplicationContext: initialization completed in 967 ms
2021-04-24 14:24:32.019  INFO 11288 --- [restartedMain] o.s.s.concurrent.ThreadPoolTaskExecutor  : Initializing ExecutorService
2021-04-24 14:24:32.020  INFO 11288 --- [restartedMain] o.s.s.concurrent.ThreadPoolTaskExecutor  : Initializing ExecutorService 'asyncExecutor'
2021-04-24 14:24:32.218  INFO 11288 --- [restartedMain] o.s.b.a.w.s.WelcomePageHandlerMapping    : Adding welcome page: class path resource [static/index.html]
2021-04-24 14:24:32.329  INFO 11288 --- [restartedMain] c.a.d.s.b.a.DruidDataSourceAutoConfigure : Init DruidDataSource
2021-04-24 14:24:32.607  INFO 11288 --- [restartedMain] com.alibaba.druid.pool.DruidDataSource   : {dataSource-1} inited
2021-04-24 14:24:32.736  INFO 11288 --- [restartedMain] o.s.s.c.ThreadPoolTaskScheduler          : Initializing ExecutorService 'taskScheduler'
2021-04-24 14:24:32.765  INFO 11288 --- [restartedMain] o.s.b.d.a.OptionalLiveReloadServer       : LiveReload server is running on port 35729
2021-04-24 14:24:32.797  INFO 11288 --- [restartedMain] o.s.b.w.embedded.tomcat.TomcatWebServer  : Tomcat started on port(s): 8080 (http) with context path ''
2021-04-24 14:24:47.027  INFO 11288 --- [http-nio-8080-exec-4] o.a.c.c.C.[Tomcat].[localhost].[/]       : Initializing Spring DispatcherServlet 'dispatcherServlet'
2021-04-24 14:24:47.027  INFO 11288 --- [http-nio-8080-exec-4] o.s.web.servlet.DispatcherServlet        : Initializing Servlet 'dispatcherServlet'
2021-04-24 14:24:47.028  INFO 11288 --- [http-nio-8080-exec-4] o.s.web.servlet.DispatcherServlet        : Completed initialization in 0 ms
2021-04-24 14:25:57.887  INFO 14128 --- [restartedMain] .e.DevToolsPropertyDefaultsPostProcessor : Devtools property defaults active! Set 'spring.devtools.add-properties' to 'false' to disable
2021-04-24 14:25:57.889  INFO 14128 --- [restartedMain] .e.DevToolsPropertyDefaultsPostProcessor : For additional web related logging consider setting the 'logging.level.web' property to 'DEBUG'
2021-04-24 14:25:58.331  WARN 14128 --- [restartedMain] o.m.s.mapper.ClassPathMapperScanner      : No MyBatis mapper was found in '[com.ds]' package. Please check your configuration.
2021-04-24 14:25:58.737  INFO 14128 --- [restartedMain] o.s.b.w.embedded.tomcat.TomcatWebServer  : Tomcat initialized with port(s): 8080 (http)
2021-04-24 14:25:58.744  INFO 14128 --- [restartedMain] o.apache.catalina.core.StandardService   : Starting service [Tomcat]
2021-04-24 14:25:58.744  INFO 14128 --- [restartedMain] org.apache.catalina.core.StandardEngine  : Starting Servlet engine: [Apache Tomcat/9.0.45]
2021-04-24 14:25:58.797  INFO 14128 --- [restartedMain] o.a.c.c.C.[Tomcat].[localhost].[/]       : Initializing Spring embedded WebApplicationContext
2021-04-24 14:25:58.797  INFO 14128 --- [restartedMain] w.s.c.ServletWebServerApplicationContext : Root WebApplicationContext: initialization completed in 908 ms
2021-04-24 14:25:58.889  INFO 14128 --- [restartedMain] o.s.s.concurrent.ThreadPoolTaskExecutor  : Initializing ExecutorService
2021-04-24 14:25:58.890  INFO 14128 --- [restartedMain] o.s.s.concurrent.ThreadPoolTaskExecutor  : Initializing ExecutorService 'asyncExecutor'
2021-04-24 14:25:59.061  INFO 14128 --- [restartedMain] o.s.b.a.w.s.WelcomePageHandlerMapping    : Adding welcome page: class path resource [static/index.html]
2021-04-24 14:25:59.169  INFO 14128 --- [restartedMain] c.a.d.s.b.a.DruidDataSourceAutoConfigure : Init DruidDataSource
2021-04-24 14:25:59.442  INFO 14128 --- [restartedMain] com.alibaba.druid.pool.DruidDataSource   : {dataSource-1} inited
2021-04-24 14:25:59.570  INFO 14128 --- [restartedMain] o.s.s.c.ThreadPoolTaskScheduler          : Initializing ExecutorService 'taskScheduler'
2021-04-24 14:25:59.596  INFO 14128 --- [restartedMain] o.s.b.d.a.OptionalLiveReloadServer       : LiveReload server is running on port 35729
2021-04-24 14:25:59.630  INFO 14128 --- [restartedMain] o.s.b.w.embedded.tomcat.TomcatWebServer  : Tomcat started on port(s): 8080 (http) with context path ''
2021-04-24 14:26:00.003  WARN 14128 --- [scheduling-1] com.ds.SpringbootApplication             : 21619245560003
2021-04-24 14:26:02.001  WARN 14128 --- [scheduling-1] com.ds.SpringbootApplication             : 21619245562001
2021-04-24 14:26:04.003  WARN 14128 --- [scheduling-1] com.ds.SpringbootApplication             : 21619245564003
2021-04-24 14:26:06.002  WARN 14128 --- [scheduling-1] com.ds.SpringbootApplication             : 21619245566002
2021-04-24 14:26:08.001  WARN 14128 --- [scheduling-1] com.ds.SpringbootApplication             : 21619245568001
2021-04-24 14:26:10.002  WARN 14128 --- [scheduling-1] com.ds.SpringbootApplication             : 21619245570002
2021-04-24 14:26:12.002  WARN 14128 --- [scheduling-1] com.ds.SpringbootApplication             : 21619245572002
2021-04-24 14:26:14.004  WARN 14128 --- [scheduling-1] com.ds.SpringbootApplication             : 21619245574004
2021-04-24 14:27:02.682 ERROR 10088 --- [restartedMain] o.s.b.d.LoggingFailureAnalysisReporter   : 

***************************
APPLICATION FAILED TO START
***************************

Description:

Failed to bind properties under 'logging.level.com.ds' to org.springframework.boot.logging.LogLevel:

    Property: logging.level.com.ds
    Value: DUBUG
    Origin: class path resource [application.yml] - 40:13
    Reason: failed to convert java.lang.String to org.springframework.boot.logging.LogLevel

Action:

Update your application's configuration. The following values are valid:

    DEBUG
    ERROR
    FATAL
    INFO
    OFF
    TRACE
    WARN

2021-04-24 14:27:23.784  INFO 12848 --- [restartedMain] com.ds.SpringbootApplication             : Starting SpringbootApplication using Java 1.8.0_131 on WIN-CRE4QU5AL1G with PID 12848 (D:\JAVA\IDEA\IdeaProjects\springboot\target\classes started by Administrator in D:\JAVA\IDEA\IdeaProjects\springboot)
2021-04-24 14:27:23.788 DEBUG 12848 --- [restartedMain] com.ds.SpringbootApplication             : Running with Spring Boot v2.4.5, Spring v5.3.6
2021-04-24 14:27:23.789  INFO 12848 --- [restartedMain] com.ds.SpringbootApplication             : No active profile set, falling back to default profiles: default
2021-04-24 14:27:23.865  INFO 12848 --- [restartedMain] .e.DevToolsPropertyDefaultsPostProcessor : Devtools property defaults active! Set 'spring.devtools.add-properties' to 'false' to disable
2021-04-24 14:27:23.865  INFO 12848 --- [restartedMain] .e.DevToolsPropertyDefaultsPostProcessor : For additional web related logging consider setting the 'logging.level.web' property to 'DEBUG'
2021-04-24 14:27:24.392  WARN 12848 --- [restartedMain] o.m.s.mapper.ClassPathMapperScanner      : No MyBatis mapper was found in '[com.ds]' package. Please check your configuration.
2021-04-24 14:27:24.838  INFO 12848 --- [restartedMain] o.s.b.w.embedded.tomcat.TomcatWebServer  : Tomcat initialized with port(s): 8080 (http)
2021-04-24 14:27:24.845  INFO 12848 --- [restartedMain] o.apache.catalina.core.StandardService   : Starting service [Tomcat]
2021-04-24 14:27:24.846  INFO 12848 --- [restartedMain] org.apache.catalina.core.StandardEngine  : Starting Servlet engine: [Apache Tomcat/9.0.45]
2021-04-24 14:27:24.897  INFO 12848 --- [restartedMain] o.a.c.c.C.[Tomcat].[localhost].[/]       : Initializing Spring embedded WebApplicationContext
2021-04-24 14:27:24.897  INFO 12848 --- [restartedMain] w.s.c.ServletWebServerApplicationContext : Root WebApplicationContext: initialization completed in 1031 ms
2021-04-24 14:27:24.980  INFO 12848 --- [restartedMain] o.s.s.concurrent.ThreadPoolTaskExecutor  : Initializing ExecutorService
2021-04-24 14:27:24.981  INFO 12848 --- [restartedMain] o.s.s.concurrent.ThreadPoolTaskExecutor  : Initializing ExecutorService 'asyncExecutor'
2021-04-24 14:27:25.156  INFO 12848 --- [restartedMain] o.s.b.a.w.s.WelcomePageHandlerMapping    : Adding welcome page: class path resource [static/index.html]
2021-04-24 14:27:25.264  INFO 12848 --- [restartedMain] c.a.d.s.b.a.DruidDataSourceAutoConfigure : Init DruidDataSource
2021-04-24 14:27:25.539  INFO 12848 --- [restartedMain] com.alibaba.druid.pool.DruidDataSource   : {dataSource-1} inited
2021-04-24 14:27:25.667  INFO 12848 --- [restartedMain] o.s.s.c.ThreadPoolTaskScheduler          : Initializing ExecutorService 'taskScheduler'
2021-04-24 14:27:25.693  INFO 12848 --- [restartedMain] o.s.b.d.a.OptionalLiveReloadServer       : LiveReload server is running on port 35729
2021-04-24 14:27:25.724  INFO 12848 --- [restartedMain] o.s.b.w.embedded.tomcat.TomcatWebServer  : Tomcat started on port(s): 8080 (http) with context path ''
2021-04-24 14:27:25.737  INFO 12848 --- [restartedMain] com.ds.SpringbootApplication             : Started SpringbootApplication in 2.437 seconds (JVM running for 3.26)
2021-04-24 14:27:26.000  INFO 12848 --- [scheduling-1] com.ds.SpringbootApplication             : 21619245646000
2021-04-24 14:27:28.002  INFO 12848 --- [scheduling-1] com.ds.SpringbootApplication             : 21619245648002
2021-04-24 14:27:30.001  INFO 12848 --- [scheduling-1] com.ds.SpringbootApplication             : 21619245650001
2021-04-24 14:27:32.000  INFO 12848 --- [scheduling-1] com.ds.SpringbootApplication             : 21619245652000
2021-04-24 14:27:34.001  INFO 12848 --- [scheduling-1] com.ds.SpringbootApplication             : 21619245654001
2021-04-24 14:27:36.001  INFO 12848 --- [scheduling-1] com.ds.SpringbootApplication             : 21619245656001
2021-04-24 14:27:38.001  INFO 12848 --- [scheduling-1] com.ds.SpringbootApplication             : 21619245658001
2021-04-24 14:27:40.001  INFO 12848 --- [scheduling-1] com.ds.SpringbootApplication             : 21619245660001
2021-04-24 14:27:42.002  INFO 12848 --- [scheduling-1] com.ds.SpringbootApplication             : 21619245662002
2021-04-24 14:27:44.002  INFO 12848 --- [scheduling-1] com.ds.SpringbootApplication             : 21619245664002
2021-04-24 14:27:46.001  INFO 12848 --- [scheduling-1] com.ds.SpringbootApplication             : 21619245666001
2021-04-24 14:27:47.259  INFO 12848 --- [http-nio-8080-exec-1] o.a.c.c.C.[Tomcat].[localhost].[/]       : Initializing Spring DispatcherServlet 'dispatcherServlet'
2021-04-24 14:27:47.260  INFO 12848 --- [http-nio-8080-exec-1] o.s.web.servlet.DispatcherServlet        : Initializing Servlet 'dispatcherServlet'
2021-04-24 14:27:47.260  INFO 12848 --- [http-nio-8080-exec-1] o.s.web.servlet.DispatcherServlet        : Completed initialization in 0 ms
2021-04-24 14:27:48.002  INFO 12848 --- [scheduling-1] com.ds.SpringbootApplication             : 21619245668002
2021-04-24 14:27:50.002  INFO 12848 --- [scheduling-1] com.ds.SpringbootApplication             : 21619245670002
2021-04-24 14:27:50.287  INFO 12848 --- [do-something-1] com.ds.service.impl.TestServiceImpl      : 
2021-04-24 14:27:52.001  INFO 12848 --- [scheduling-1] com.ds.SpringbootApplication             : 21619245672001
2021-04-24 14:27:54.002  INFO 12848 --- [scheduling-1] com.ds.SpringbootApplication             : 21619245674002
2021-04-24 14:59:06.375  INFO 13240 --- [restartedMain] com.ds.SpringbootApplication             : Starting SpringbootApplication using Java 1.8.0_131 on WIN-CRE4QU5AL1G with PID 13240 (D:\JAVA\IDEA\IdeaProjects\springboot\target\classes started by Administrator in D:\JAVA\IDEA\IdeaProjects\springboot)
2021-04-24 14:59:06.378 DEBUG 13240 --- [restartedMain] com.ds.SpringbootApplication             : Running with Spring Boot v2.4.5, Spring v5.3.6
2021-04-24 14:59:06.379  INFO 13240 --- [restartedMain] com.ds.SpringbootApplication             : No active profile set, falling back to default profiles: default
2021-04-24 14:59:06.442  INFO 13240 --- [restartedMain] .e.DevToolsPropertyDefaultsPostProcessor : Devtools property defaults active! Set 'spring.devtools.add-properties' to 'false' to disable
2021-04-24 14:59:06.443  INFO 13240 --- [restartedMain] .e.DevToolsPropertyDefaultsPostProcessor : For additional web related logging consider setting the 'logging.level.web' property to 'DEBUG'
2021-04-24 14:59:07.018  WARN 13240 --- [restartedMain] o.m.s.mapper.ClassPathMapperScanner      : No MyBatis mapper was found in '[com.ds]' package. Please check your configuration.
2021-04-24 14:59:07.056  INFO 13240 --- [restartedMain] .s.d.r.c.RepositoryConfigurationDelegate : Multiple Spring Data modules found, entering strict repository configuration mode!
2021-04-24 14:59:07.058  INFO 13240 --- [restartedMain] .s.d.r.c.RepositoryConfigurationDelegate : Bootstrapping Spring Data Redis repositories in DEFAULT mode.
2021-04-24 14:59:07.075  INFO 13240 --- [restartedMain] .s.d.r.c.RepositoryConfigurationDelegate : Finished Spring Data repository scanning in 5 ms. Found 0 Redis repository interfaces.
2021-04-24 14:59:07.565  INFO 13240 --- [restartedMain] o.s.b.w.embedded.tomcat.TomcatWebServer  : Tomcat initialized with port(s): 8080 (http)
2021-04-24 14:59:07.572  INFO 13240 --- [restartedMain] o.apache.catalina.core.StandardService   : Starting service [Tomcat]
2021-04-24 14:59:07.573  INFO 13240 --- [restartedMain] org.apache.catalina.core.StandardEngine  : Starting Servlet engine: [Apache Tomcat/9.0.45]
2021-04-24 14:59:07.632  INFO 13240 --- [restartedMain] o.a.c.c.C.[Tomcat].[localhost].[/]       : Initializing Spring embedded WebApplicationContext
2021-04-24 14:59:07.632  INFO 13240 --- [restartedMain] w.s.c.ServletWebServerApplicationContext : Root WebApplicationContext: initialization completed in 1189 ms
2021-04-24 14:59:08.002  INFO 13240 --- [restartedMain] o.s.s.concurrent.ThreadPoolTaskExecutor  : Initializing ExecutorService
2021-04-24 14:59:08.004  INFO 13240 --- [restartedMain] o.s.s.concurrent.ThreadPoolTaskExecutor  : Initializing ExecutorService 'asyncExecutor'
2021-04-24 14:59:08.220  INFO 13240 --- [restartedMain] o.s.b.a.w.s.WelcomePageHandlerMapping    : Adding welcome page: class path resource [static/index.html]
2021-04-24 14:59:08.355  INFO 13240 --- [restartedMain] c.a.d.s.b.a.DruidDataSourceAutoConfigure : Init DruidDataSource
2021-04-24 14:59:08.583  INFO 13240 --- [restartedMain] com.alibaba.druid.pool.DruidDataSource   : {dataSource-1} inited
2021-04-24 14:59:08.973  INFO 13240 --- [restartedMain] o.s.s.c.ThreadPoolTaskScheduler          : Initializing ExecutorService 'taskScheduler'
2021-04-24 14:59:09.008  INFO 13240 --- [restartedMain] o.s.b.d.a.OptionalLiveReloadServer       : LiveReload server is running on port 35729
2021-04-24 14:59:09.042  INFO 13240 --- [restartedMain] o.s.b.w.embedded.tomcat.TomcatWebServer  : Tomcat started on port(s): 8080 (http) with context path ''
2021-04-24 14:59:09.054  INFO 13240 --- [restartedMain] com.ds.SpringbootApplication             : Started SpringbootApplication in 3.19 seconds (JVM running for 4.127)
2021-04-24 14:59:10.003  INFO 13240 --- [scheduling-1] com.ds.SpringbootApplication             : 21619247550003
2021-04-24 14:59:12.001  INFO 13240 --- [scheduling-1] com.ds.SpringbootApplication             : 21619247552001
2021-04-24 14:59:14.002  INFO 13240 --- [scheduling-1] com.ds.SpringbootApplication             : 21619247554002
2021-04-24 14:59:16.002  INFO 13240 --- [scheduling-1] com.ds.SpringbootApplication             : 21619247556002
2021-04-24 14:59:18.001  INFO 13240 --- [scheduling-1] com.ds.SpringbootApplication             : 21619247558001
2021-04-24 14:59:20.002  INFO 13240 --- [scheduling-1] com.ds.SpringbootApplication             : 21619247560002
2021-04-24 14:59:22.001  INFO 13240 --- [scheduling-1] com.ds.SpringbootApplication             : 21619247562001
2021-04-24 14:59:24.001  INFO 13240 --- [scheduling-1] com.ds.SpringbootApplication             : 21619247564001
2021-04-24 14:59:26.003  INFO 13240 --- [scheduling-1] com.ds.SpringbootApplication             : 21619247566003
2021-04-24 14:59:28.002  INFO 13240 --- [scheduling-1] com.ds.SpringbootApplication             : 21619247568002
2021-04-24 14:59:30.002  INFO 13240 --- [scheduling-1] com.ds.SpringbootApplication             : 21619247570002
2021-04-24 14:59:32.002  INFO 13240 --- [scheduling-1] com.ds.SpringbootApplication             : 21619247572002
2021-04-24 14:59:34.002  INFO 13240 --- [scheduling-1] com.ds.SpringbootApplication             : 21619247574002
2021-04-24 14:59:36.003  INFO 13240 --- [scheduling-1] com.ds.SpringbootApplication             : 21619247576003
2021-04-24 14:59:38.000  INFO 13240 --- [scheduling-1] com.ds.SpringbootApplication             : 21619247578000
2021-04-24 14:59:40.003  INFO 13240 --- [scheduling-1] com.ds.SpringbootApplication             : 21619247580003
2021-04-24 14:59:42.001  INFO 13240 --- [scheduling-1] com.ds.SpringbootApplication             : 21619247582001
2021-04-24 14:59:44.002  INFO 13240 --- [scheduling-1] com.ds.SpringbootApplication             : 21619247584002
2021-04-24 14:59:46.002  INFO 13240 --- [scheduling-1] com.ds.SpringbootApplication             : 21619247586002
2021-04-24 14:59:48.001  INFO 13240 --- [scheduling-1] com.ds.SpringbootApplication             : 21619247588001
2021-04-24 14:59:50.002  INFO 13240 --- [scheduling-1] com.ds.SpringbootApplication             : 21619247590002
2021-04-24 14:59:52.001  INFO 13240 --- [scheduling-1] com.ds.SpringbootApplication             : 21619247592001
2021-04-24 14:59:54.001  INFO 13240 --- [scheduling-1] com.ds.SpringbootApplication             : 21619247594001
2021-04-24 14:59:56.002  INFO 13240 --- [scheduling-1] com.ds.SpringbootApplication             : 21619247596002
2021-04-24 14:59:58.001  INFO 13240 --- [scheduling-1] com.ds.SpringbootApplication             : 21619247598001
2021-04-24 15:00:00.001  INFO 13240 --- [scheduling-1] com.ds.SpringbootApplication             : 21619247600001
2021-04-24 15:00:02.002  INFO 13240 --- [scheduling-1] com.ds.SpringbootApplication             : 21619247602002
2021-04-24 15:00:04.001  INFO 13240 --- [scheduling-1] com.ds.SpringbootApplication             : 21619247604001
2021-04-24 15:00:06.001  INFO 13240 --- [scheduling-1] com.ds.SpringbootApplication             : 21619247606001
2021-04-24 15:00:08.002  INFO 13240 --- [scheduling-1] com.ds.SpringbootApplication             : 21619247608002
2021-04-24 15:00:10.001  INFO 13240 --- [scheduling-1] com.ds.SpringbootApplication             : 21619247610001
2021-04-24 15:00:12.002  INFO 13240 --- [scheduling-1] com.ds.SpringbootApplication             : 21619247612002
2021-04-24 15:00:14.001  INFO 13240 --- [scheduling-1] com.ds.SpringbootApplication             : 21619247614001
2021-04-24 15:00:16.001  INFO 13240 --- [scheduling-1] com.ds.SpringbootApplication             : 21619247616001
2021-04-24 15:00:18.001  INFO 13240 --- [scheduling-1] com.ds.SpringbootApplication             : 21619247618001
2021-04-24 15:00:20.002  INFO 13240 --- [scheduling-1] com.ds.SpringbootApplication             : 21619247620002
2021-04-24 15:00:22.001  INFO 13240 --- [scheduling-1] com.ds.SpringbootApplication             : 21619247622001
2021-04-24 15:00:24.002  INFO 13240 --- [scheduling-1] com.ds.SpringbootApplication             : 21619247624002
2021-04-24 15:00:26.003  INFO 13240 --- [scheduling-1] com.ds.SpringbootApplication             : 21619247626003
2021-04-24 15:00:28.001  INFO 13240 --- [scheduling-1] com.ds.SpringbootApplication             : 21619247628001
2021-04-24 15:00:30.001  INFO 13240 --- [scheduling-1] com.ds.SpringbootApplication             : 21619247630001
2021-04-24 15:00:32.002  INFO 13240 --- [scheduling-1] com.ds.SpringbootApplication             : 21619247632002
2021-04-24 15:00:34.002  INFO 13240 --- [scheduling-1] com.ds.SpringbootApplication             : 21619247634002
2021-04-24 15:00:36.000  INFO 13240 --- [scheduling-1] com.ds.SpringbootApplication             : 21619247636000
2021-04-24 15:00:38.002  INFO 13240 --- [scheduling-1] com.ds.SpringbootApplication             : 21619247638002
2021-04-24 15:00:40.002  INFO 13240 --- [scheduling-1] com.ds.SpringbootApplication             : 21619247640002
2021-04-24 15:00:42.002  INFO 13240 --- [scheduling-1] com.ds.SpringbootApplication             : 21619247642002
2021-04-24 15:00:44.002  INFO 13240 --- [scheduling-1] com.ds.SpringbootApplication             : 21619247644002
2021-04-24 15:00:46.000  INFO 13240 --- [scheduling-1] com.ds.SpringbootApplication             : 21619247646000
2021-04-24 15:00:48.001  INFO 13240 --- [scheduling-1] com.ds.SpringbootApplication             : 21619247648001
2021-04-24 15:00:50.002  INFO 13240 --- [scheduling-1] com.ds.SpringbootApplication             : 21619247650002
2021-04-24 15:00:52.000  INFO 13240 --- [scheduling-1] com.ds.SpringbootApplication             : 21619247652000
2021-04-24 15:00:54.002  INFO 13240 --- [scheduling-1] com.ds.SpringbootApplication             : 21619247654002
2021-04-24 15:00:56.001  INFO 13240 --- [scheduling-1] com.ds.SpringbootApplication             : 21619247656001
2021-04-24 15:00:58.002  INFO 13240 --- [scheduling-1] com.ds.SpringbootApplication             : 21619247658002
2021-04-24 15:01:00.002  INFO 13240 --- [scheduling-1] com.ds.SpringbootApplication             : 21619247660002
2021-04-24 15:01:02.001  INFO 13240 --- [scheduling-1] com.ds.SpringbootApplication             : 21619247662001
2021-04-24 15:01:04.000  INFO 13240 --- [scheduling-1] com.ds.SpringbootApplication             : 21619247664000
2021-04-24 15:01:06.002  INFO 13240 --- [scheduling-1] com.ds.SpringbootApplication             : 21619247666002
2021-04-24 15:01:08.002  INFO 13240 --- [scheduling-1] com.ds.SpringbootApplication             : 21619247668002
2021-04-24 15:01:10.002  INFO 13240 --- [scheduling-1] com.ds.SpringbootApplication             : 21619247670002
2021-04-24 15:01:12.000  INFO 13240 --- [scheduling-1] com.ds.SpringbootApplication             : 21619247672000
2021-04-24 15:01:14.001  INFO 13240 --- [scheduling-1] com.ds.SpringbootApplication             : 21619247674001
2021-04-24 15:01:16.002  INFO 13240 --- [scheduling-1] com.ds.SpringbootApplication             : 21619247676002
2021-04-24 15:01:18.001  INFO 13240 --- [scheduling-1] com.ds.SpringbootApplication             : 21619247678001
2021-04-24 15:01:20.002  INFO 13240 --- [scheduling-1] com.ds.SpringbootApplication             : 21619247680002
2021-04-24 15:01:22.001  INFO 13240 --- [scheduling-1] com.ds.SpringbootApplication             : 21619247682001
2021-04-24 15:01:24.002  INFO 13240 --- [scheduling-1] com.ds.SpringbootApplication             : 21619247684002
2021-04-24 15:01:26.001  INFO 13240 --- [scheduling-1] com.ds.SpringbootApplication             : 21619247686001
